<?xml version="1.0" encoding="UTF-8" ?>
<testsuite failures="0" time="0.013" errors="0" skipped="0" tests="5" name="com.laolang.junitstudy.junit_study.TestCal">
  <properties>
[...]
</properties>
  <testcase time="0.005" classname="com.laolang.junitstudy.junit_study.TestCal" name="testAdd"/>
  <testcase time="0" classname="com.laolang.junitstudy.junit_study.TestCal" name="testMinus"/>
  <testcase time="0" classname="com.laolang.junitstudy.junit_study.TestCal" name="testMul"/>
  <testcase time="0.001" classname="com.laolang.junitstudy.junit_study.TestCal" name="testDivided"/>
  <testcase time="0.007" classname="com.laolang.junitstudy.junit_study.TestCal" name="testHamcrest"/>
</testsuite>